============================================================
  Generated by:           Genus(TM) Synthesis Solution 20.11-s111_1
  Generated on:           Aug 22 2023  02:15:02 pm
  Module:                 scr1_pipe_top
  Operating conditions:   slow 
  Interconnect mode:      global
  Area mode:              physical library
============================================================

                                              Leakage   
        Gate         Instances     Area      Power (nW)                 Library                 
------------------------------------------------------------------------------------------------
ADDFX1                      70      478.800      13.723    gpdk045bc                            
ADDHXL                      54      258.552       8.543    gpdk045bc                            
AND2X1                      33       56.430       1.847    gpdk045bc                            
AND2X2                       7       14.364       0.625    gpdk045bc                            
AND2X4                       6       18.468       1.066    gpdk045bc                            
AND2X6                       1        3.762       0.286    gpdk045bc                            
AND2X8                       3       13.338       1.056    gpdk045bc                            
AND3X1                       5       11.970       0.374    gpdk045bc                            
AND3X2                       9       24.624       0.841    gpdk045bc                            
AND3XL                      16       32.832       1.049    gpdk045bc                            
AND4XL                      11       26.334       0.932    gpdk045bc                            
AO21X1                       6       14.364       0.449    gpdk045bc                            
AO21X2                       2        5.472       0.222    gpdk045bc                            
AO22XL                      39      106.704       2.516    gpdk045bc                            
AOI211X1                     1        2.394       0.113    gpdk045bc                            
AOI211XL                    30       61.560       1.700    gpdk045bc                            
AOI21X1                      1        2.052       0.081    gpdk045bc                            
AOI21XL                     27       46.170       1.113    gpdk045bc                            
AOI221X1                    37      113.886       4.397    gpdk045bc                            
AOI222X1                   107      329.346      13.593    gpdk045bc                            
AOI22X1                    155      371.070      14.960    gpdk045bc                            
AOI2BB1X1                    1        2.052       0.086    gpdk045bc                            
AOI2BB1X2                    2        6.156       0.269    gpdk045bc                            
AOI31X1                      6       12.312       0.542    gpdk045bc                            
AOI32XL                     25       68.400       1.585    gpdk045bc                            
BUFX2                       14       23.940       1.194    gpdk045bc                            
BUFX20                       1        8.208       0.840    gpdk045bc                            
DFFQXL                      32      175.104       5.934    gpdk045bc                            
DFFRHQX2                   106      833.796      34.590    gpdk045bc                            
DFFRX2                       2       17.100       0.712    gpdk045bc                            
DFFSHQX2                     1        8.208       0.328    gpdk045bc                            
EDFFHQX4                     1       10.602       0.482    gpdk045bc                            
INVX1                      254      173.736       8.435    gpdk045bc                            
INVX2                        3        3.078       0.199    gpdk045bc                            
INVX3                        1        1.368       0.100    gpdk045bc                            
INVX4                        2        3.420       0.266    gpdk045bc                            
INVXL                       25       17.100       0.478    gpdk045bc                            
MX2X2                       11       33.858       1.412    gpdk045bc                            
MX2XL                      138      377.568      11.175    gpdk045bc                            
MX3XL                       27      129.276       4.284    gpdk045bc                            
MXI2X2                       1        4.446       0.155    gpdk045bc                            
MXI2XL                     218      521.892      14.357    gpdk045bc                            
NAND2BX1                    45       61.560       3.817    gpdk045bc                            
NAND2BX2                     1        2.052       0.151    gpdk045bc                            
NAND2BX4                     2        6.840       0.601    gpdk045bc                            
NAND2X1                    212      217.512      13.995    gpdk045bc                            
NAND2X2                      5        8.550       0.660    gpdk045bc                            
NAND3BX1                     9       18.468       1.054    gpdk045bc                            
NAND3BX2                     1        3.078       0.215    gpdk045bc                            
NAND3BXL                    22       37.620       1.665    gpdk045bc                            
NAND3X1                     36       61.560       3.539    gpdk045bc                            
NAND4BBX1                    2        6.840       0.335    gpdk045bc                            
NAND4BBXL                    1        3.078       0.113    gpdk045bc                            
NAND4BX1                     8       19.152       1.192    gpdk045bc                            
NAND4BX2                     1        4.446       0.279    gpdk045bc                            
NAND4X1                     33       67.716       4.293    gpdk045bc                            
NAND4X2                      1        3.762       0.259    gpdk045bc                            
NOR2BX1                     34       58.140       2.307    gpdk045bc                            
NOR2BX2                      2        5.472       0.233    gpdk045bc                            
NOR2BX4                      4       15.048       0.855    gpdk045bc                            
NOR2BXL                      1        1.710       0.046    gpdk045bc                            
NOR2X1                       7        9.576       0.340    gpdk045bc                            
NOR2X2                       5       10.260       0.486    gpdk045bc                            
NOR2XL                     107      109.782       2.889    gpdk045bc                            
NOR3BX1                      6       12.312       0.498    gpdk045bc                            
NOR3BX2                      1        3.420       0.147    gpdk045bc                            
NOR3X1                      13       22.230       0.830    gpdk045bc                            
NOR3X2                       1        2.736       0.128    gpdk045bc                            
NOR3X4                       3       15.390       0.766    gpdk045bc                            
NOR4BBX1                     5       15.390       0.587    gpdk045bc                            
NOR4BX1                      3        9.234       0.295    gpdk045bc                            
NOR4X1                       1        2.394       0.079    gpdk045bc                            
NOR4XL                       7       14.364       0.298    gpdk045bc                            
OA21X1                       5       11.970       0.353    gpdk045bc                            
OA21X2                       1        3.078       0.104    gpdk045bc                            
OAI211X1                    20       41.040       2.270    gpdk045bc                            
OAI21X1                      2        4.104       0.163    gpdk045bc                            
OAI21X2                      2        6.156       0.325    gpdk045bc                            
OAI21XL                     69      117.990       3.169    gpdk045bc                            
OAI221X1                    18       49.248       2.318    gpdk045bc                            
OAI22X1                      1        2.394       0.097    gpdk045bc                            
OAI22XL                      9       18.468       0.483    gpdk045bc                            
OAI2BB1X1                   74      151.848       6.558    gpdk045bc                            
OAI2BB2X2                    1        5.472       0.231    gpdk045bc                            
OAI31X1                     15       30.780       1.523    gpdk045bc                            
OAI32X1                      1        2.736       0.119    gpdk045bc                            
OR2X1                       26       44.460       1.844    gpdk045bc                            
OR2X2                        8       16.416       0.833    gpdk045bc                            
OR3X1                        6       12.312       0.538    gpdk045bc                            
OR3X2                        1        2.394       0.123    gpdk045bc                            
OR3X4                        1        3.078       0.243    gpdk045bc                            
OR4X1                        7       16.758       0.760    gpdk045bc                            
OR4X4                        1        3.762       0.280    gpdk045bc                            
SDFFQX1                     23      173.052       5.632    gpdk045bc                            
SDFFQX2                      1        8.208       0.288    gpdk045bc                            
SDFFRHQX1                   44      421.344      16.377    gpdk045bc                            
XNOR2X1                      9       27.702       1.129    gpdk045bc                            
XOR2X1                      57      175.446       7.172    gpdk045bc                            
i2c_master_top               1    30058.840       0.000    i2c_master_top                       
sram_32_1024_scl180          8  6548186.202  267696.000    sram_32_1024_scl180_max_1p8V_25C_lib 
uart                         1   319564.530       0.000    uart                                 
------------------------------------------------------------------------------------------------
total                     2482  6904413.592  267948.795                                         


                                                                         Leakage  Leakage 
               Library               Instances Instances %     Area    Power (nW) Power % 
------------------------------------------------------------------------------------------
gpdk045bc                                 2472        99.6    6604.020    252.795     0.1 
i2c_master_top                               1         0.0   30058.840      0.000     0.0 
sram_32_1024_scl180_max_1p8V_25C_lib         8         0.3 6548186.202 267696.000    99.9 
uart                                         1         0.0  319564.530      0.000     0.0 

                                              Leakage  Leakage 
     Type      Instances     Area    Area % Power (nW) Power % 
---------------------------------------------------------------
timing_model          10 6897809.572   99.9 267696.000    99.9 
sequential           210    1647.414    0.0     64.343     0.0 
inverter             285     198.702    0.0      9.478     0.0 
buffer                15      32.148    0.0      2.034     0.0 
logic               1962    4725.756    0.1    176.939     0.1 
physical_cells         0       0.000    0.0      0.000     0.0 
---------------------------------------------------------------
total               2482 6904413.592  100.0 267948.795   100.0 

