============================================================
  Generated by:           Genus(TM) Synthesis Solution 20.11-s111_1
  Generated on:           Aug 22 2023  02:15:02 pm
  Module:                 scr1_pipe_top
  Operating conditions:   slow 
  Interconnect mode:      global
  Area mode:              physical library
============================================================

Timing
--------

Clock  Period 
--------------
clk   50000.0 


  Cost    Critical         Violating 
 Group   Path Slack  TNS     Paths   
-------------------------------------
C2C         20139.3   0.0          0 
C2O        No paths   0.0            
clk        No paths   0.0            
default    No paths   0.0            
I2C        No paths   0.0            
I2O        No paths   0.0            
-------------------------------------
Total                 0.0          0 

Instance Count
--------------
Leaf Instance Count             2482 
Physical Instance count            0 
Sequential Instance Count        220 
Combinational Instance Count    2262 
Hierarchical Instance Count        0 

Area
----
Cell Area                          6904413.592
Physical Cell Area                 0.000
Total Cell Area (Cell+Physical)    6904413.592
Net Area                           3264.313
Total Area (Cell+Physical+Net)     6907677.905

Runtime                            0.0 seconds
Elapsed Runtime                    9385 seconds
Genus peak memory usage            1315.16 
Innovus peak memory usage          no_value 
Hostname                           cadence02
